Arguments: 
  /opt/homebrew/Cellar/node/15.9.0/bin/node /opt/homebrew/Cellar/yarn/1.22.10/libexec/bin/yarn.js add —force

PATH: 
  /opt/homebrew/opt/openssl@1.1/bin:/Users/larryhuang/anaconda3/condabin:/Library/Frameworks/Python.framework/Versions/3.9/bin:/opt/homebrew/bin:/opt/homebrew/sbin:/usr/local/bin:/usr/bin:/bin:/usr/sbin:/sbin:/Library/TeX/texbin:/Users/larryhuang/.nix-profile/bin:/Users/larryhuang/.cargo/bin:/Users/larryhuang/.local/bin:/Users/larryhuang/Library/Python/3.8/bin:/Users/larryhuang/.local/bin:/Users/larryhuang/Library/Python/3.8/bin

Yarn version: 
  1.22.10

Node version: 
  15.9.0

Platform: 
  darwin arm64

Trace: 
  TypeError [ERR_UNESCAPED_CHARACTERS]: Request path contains unescaped characters
      at new NodeError (node:internal/errors:329:5)
      at new ClientRequest (node:_http_client:164:13)
      at Object.request (node:https:333:10)
      at Request.module.exports.Request.start (/opt/homebrew/Cellar/yarn/1.22.10/libexec/lib/cli.js:141311:32)
      at Request.module.exports.Request.end (/opt/homebrew/Cellar/yarn/1.22.10/libexec/lib/cli.js:142070:10)
      at end (/opt/homebrew/Cellar/yarn/1.22.10/libexec/lib/cli.js:141124:14)
      at Immediate._onImmediate (/opt/homebrew/Cellar/yarn/1.22.10/libexec/lib/cli.js:141138:7)
      at processImmediate (node:internal/timers:464:21)

npm manifest: 
  {
    "dependencies": {
      "@types/unist": "^2.0.3",
      "remark-parse": "^9.0.0",
      "remark-react": "^8.0.0",
      "unified": "^9.2.1"
    }
  }

yarn manifest: 
  No manifest

Lockfile: 
  # THIS IS AN AUTOGENERATED FILE. DO NOT EDIT THIS FILE DIRECTLY.
  # yarn lockfile v1
  
  
  "@mapbox/hast-util-table-cell-style@^0.1.3":
    version "0.1.3"
    resolved "https://registry.yarnpkg.com/@mapbox/hast-util-table-cell-style/-/hast-util-table-cell-style-0.1.3.tgz#5b7166ae01297d72216932b245e4b2f0b642dca6"
    integrity sha512-QsEsh5YaDvHoMQ2YHdvZy2iDnU3GgKVBTcHf6cILyoWDZtPSdlG444pL/ioPYO/GpXSfODBb9sefEetfC4v9oA==
    dependencies:
      unist-util-visit "^1.3.0"
  
  "@types/mdast@^3.0.0":
    version "3.0.10"
    resolved "https://registry.yarnpkg.com/@types/mdast/-/mdast-3.0.10.tgz#4724244a82a4598884cbbe9bcfd73dff927ee8af"
    integrity sha512-W864tg/Osz1+9f4lrGTZpCSO5/z4608eUp19tbozkq2HJK6i3z1kT0H9tlADXuYIb1YYOBByU4Jsqkk75q48qA==
    dependencies:
      "@types/unist" "*"
  
  "@types/unist@*", "@types/unist@^2.0.0", "@types/unist@^2.0.2", "@types/unist@^2.0.3":
    version "2.0.6"
    resolved "https://registry.yarnpkg.com/@types/unist/-/unist-2.0.6.tgz#250a7b16c3b91f672a24552ec64678eeb1d3a08d"
    integrity sha512-PBjIUxZHOuj0R15/xuwJYjFi+KZdNFrehocChv4g5hu6aFroHue8m0lBP0POdK2nKzbw0cgV1mws8+V/JAcEkQ==
  
  bail@^1.0.0:
    version "1.0.5"
    resolved "https://registry.yarnpkg.com/bail/-/bail-1.0.5.tgz#b6fa133404a392cbc1f8c4bf63f5953351e7a776"
    integrity sha512-xFbRxM1tahm08yHBP16MMjVUAvDaBMD38zsM9EMAUN61omwLmKlOpB/Zku5QkjZ8TZ4vn53pj+t518cH0S03RQ==
  
  character-entities-legacy@^1.0.0:
    version "1.1.4"
    resolved "https://registry.yarnpkg.com/character-entities-legacy/-/character-entities-legacy-1.1.4.tgz#94bc1845dce70a5bb9d2ecc748725661293d8fc1"
    integrity sha512-3Xnr+7ZFS1uxeiUDvV02wQ+QDbc55o97tIV5zHScSPJpcLm/r0DFPcoY3tYRp+VZukxuMeKgXYmsXQHO05zQeA==
  
  character-entities@^1.0.0:
    version "1.2.4"
    resolved "https://registry.yarnpkg.com/character-entities/-/character-entities-1.2.4.tgz#e12c3939b7eaf4e5b15e7ad4c5e28e1d48c5b16b"
    integrity sha512-iBMyeEHxfVnIakwOuDXpVkc54HijNgCyQB2w0VfGQThle6NXn50zU6V/u+LDhxHcDUPojn6Kpga3PTAD8W1bQw==
  
  character-reference-invalid@^1.0.0:
    version "1.1.4"
    resolved "https://registry.yarnpkg.com/character-reference-invalid/-/character-reference-invalid-1.1.4.tgz#083329cda0eae272ab3dbbf37e9a382c13af1560"
    integrity sha512-mKKUkUbhPpQlCOfIuZkvSEgktjPFIsZKRRbC6KWVEMvlzblj3i3asQv5ODsrwt0N3pHAEvjP8KTQPHkp0+6jOg==
  
  comma-separated-tokens@^1.0.0:
    version "1.0.8"
    resolved "https://registry.yarnpkg.com/comma-separated-tokens/-/comma-separated-tokens-1.0.8.tgz#632b80b6117867a158f1080ad498b2fbe7e3f5ea"
    integrity sha512-GHuDRO12Sypu2cV70d1dkA2EUmXHgntrzbpvOB+Qy+49ypNfGgFQIC2fhhXbnyrJRynDCAARsT7Ou0M6hirpfw==
  
  debug@^4.0.0:
    version "4.3.2"
    resolved "https://registry.yarnpkg.com/debug/-/debug-4.3.2.tgz#f0a49c18ac8779e31d4a0c6029dfb76873c7428b"
    integrity sha512-mOp8wKcvj7XxC78zLgw/ZA+6TSgkoE2C/ienthhRD298T7UNwAg9diBpLRxC0mOezLl4B0xV7M0cCO6P/O0Xhw==
    dependencies:
      ms "2.1.2"
  
  extend@^3.0.0:
    version "3.0.2"
    resolved "https://registry.yarnpkg.com/extend/-/extend-3.0.2.tgz#f8b1136b4071fbd8eb140aff858b1019ec2915fa"
    integrity sha512-fjquC59cD7CyW6urNXK0FBufkZcoiGG80wTuPujX590cB5Ttln20E2UB4S/WARVqhXffZl2LNgS+gQdPIIim/g==
  
  hast-to-hyperscript@^9.0.0:
    version "9.0.1"
    resolved "https://registry.yarnpkg.com/hast-to-hyperscript/-/hast-to-hyperscript-9.0.1.tgz#9b67fd188e4c81e8ad66f803855334173920218d"
    integrity sha512-zQgLKqF+O2F72S1aa4y2ivxzSlko3MAvxkwG8ehGmNiqd98BIN3JM1rAJPmplEyLmGLO2QZYJtIneOSZ2YbJuA==
    dependencies:
      "@types/unist" "^2.0.3"
      comma-separated-tokens "^1.0.0"
      property-information "^5.3.0"
      space-separated-tokens "^1.0.0"
      style-to-object "^0.3.0"
      unist-util-is "^4.0.0"
      web-namespaces "^1.0.0"
  
  hast-util-sanitize@^3.0.0:
    version "3.0.2"
    resolved "https://registry.yarnpkg.com/hast-util-sanitize/-/hast-util-sanitize-3.0.2.tgz#b0b783220af528ba8fe6999f092d138908678520"
    integrity sha512-+2I0x2ZCAyiZOO/sb4yNLFmdwPBnyJ4PBkVTUMKMqBwYNA+lXSgOmoRXlJFazoyid9QPogRRKgKhVEodv181sA==
    dependencies:
      xtend "^4.0.0"
  
  inline-style-parser@0.1.1:
    version "0.1.1"
    resolved "https://registry.yarnpkg.com/inline-style-parser/-/inline-style-parser-0.1.1.tgz#ec8a3b429274e9c0a1f1c4ffa9453a7fef72cea1"
    integrity sha512-7NXolsK4CAS5+xvdj5OMMbI962hU/wvwoxk+LWR9Ek9bVtyuuYScDN6eS0rUm6TxApFpw7CX1o4uJzcd4AyD3Q==
  
  is-alphabetical@^1.0.0:
    version "1.0.4"
    resolved "https://registry.yarnpkg.com/is-alphabetical/-/is-alphabetical-1.0.4.tgz#9e7d6b94916be22153745d184c298cbf986a686d"
    integrity sha512-DwzsA04LQ10FHTZuL0/grVDk4rFoVH1pjAToYwBrHSxcrBIGQuXrQMtD5U1b0U2XVgKZCTLLP8u2Qxqhy3l2Vg==
  
  is-alphanumerical@^1.0.0:
    version "1.0.4"
    resolved "https://registry.yarnpkg.com/is-alphanumerical/-/is-alphanumerical-1.0.4.tgz#7eb9a2431f855f6b1ef1a78e326df515696c4dbf"
    integrity sha512-UzoZUr+XfVz3t3v4KyGEniVL9BDRoQtY7tOyrRybkVNjDFWyo1yhXNGrrBTQxp3ib9BLAWs7k2YKBQsFRkZG9A==
    dependencies:
      is-alphabetical "^1.0.0"
      is-decimal "^1.0.0"
  
  is-buffer@^2.0.0:
    version "2.0.5"
    resolved "https://registry.yarnpkg.com/is-buffer/-/is-buffer-2.0.5.tgz#ebc252e400d22ff8d77fa09888821a24a658c191"
    integrity sha512-i2R6zNFDwgEHJyQUtJEk0XFi1i0dPFn/oqjK3/vPCcDeJvW5NQ83V8QbicfF1SupOaB0h8ntgBC2YiE7dfyctQ==
  
  is-decimal@^1.0.0:
    version "1.0.4"
    resolved "https://registry.yarnpkg.com/is-decimal/-/is-decimal-1.0.4.tgz#65a3a5958a1c5b63a706e1b333d7cd9f630d3fa5"
    integrity sha512-RGdriMmQQvZ2aqaQq3awNA6dCGtKpiDFcOzrTWrDAT2MiWrKQVPmxLGHl7Y2nNu6led0kEyoX0enY0qXYsv9zw==
  
  is-hexadecimal@^1.0.0:
    version "1.0.4"
    resolved "https://registry.yarnpkg.com/is-hexadecimal/-/is-hexadecimal-1.0.4.tgz#cc35c97588da4bd49a8eedd6bc4082d44dcb23a7"
    integrity sha512-gyPJuv83bHMpocVYoqof5VDiZveEoGoFL8m3BXNb2VW8Xs+rz9kqO8LOQ5DH6EsuvilT1ApazU0pyl+ytbPtlw==
  
  is-plain-obj@^2.0.0:
    version "2.1.0"
    resolved "https://registry.yarnpkg.com/is-plain-obj/-/is-plain-obj-2.1.0.tgz#45e42e37fccf1f40da8e5f76ee21515840c09287"
    integrity sha512-YWnfyRwxL/+SsrWYfOpUtz5b3YD+nyfkHvjbcanzk8zgyO4ASD67uVMRt8k5bM4lLMDnXfriRhOpemw+NfT1eA==
  
  mdast-util-definitions@^4.0.0:
    version "4.0.0"
    resolved "https://registry.yarnpkg.com/mdast-util-definitions/-/mdast-util-definitions-4.0.0.tgz#c5c1a84db799173b4dcf7643cda999e440c24db2"
    integrity sha512-k8AJ6aNnUkB7IE+5azR9h81O5EQ/cTDXtWdMq9Kk5KcEW/8ritU5CeLg/9HhOC++nALHBlaogJ5jz0Ybk3kPMQ==
    dependencies:
      unist-util-visit "^2.0.0"
  
  mdast-util-from-markdown@^0.8.0:
    version "0.8.5"
    resolved "https://registry.yarnpkg.com/mdast-util-from-markdown/-/mdast-util-from-markdown-0.8.5.tgz#d1ef2ca42bc377ecb0463a987910dae89bd9a28c"
    integrity sha512-2hkTXtYYnr+NubD/g6KGBS/0mFmBcifAsI0yIWRiRo0PjVs6SSOSOdtzbp6kSGnShDN6G5aWZpKQ2lWRy27mWQ==
    dependencies:
      "@types/mdast" "^3.0.0"
      mdast-util-to-string "^2.0.0"
      micromark "~2.11.0"
      parse-entities "^2.0.0"
      unist-util-stringify-position "^2.0.0"
  
  mdast-util-to-hast@^10.0.0:
    version "10.2.0"
    resolved "https://registry.yarnpkg.com/mdast-util-to-hast/-/mdast-util-to-hast-10.2.0.tgz#61875526a017d8857b71abc9333942700b2d3604"
    integrity sha512-JoPBfJ3gBnHZ18icCwHR50orC9kNH81tiR1gs01D8Q5YpV6adHNO9nKNuFBCJQ941/32PT1a63UF/DitmS3amQ==
    dependencies:
      "@types/mdast" "^3.0.0"
      "@types/unist" "^2.0.0"
      mdast-util-definitions "^4.0.0"
      mdurl "^1.0.0"
      unist-builder "^2.0.0"
      unist-util-generated "^1.0.0"
      unist-util-position "^3.0.0"
      unist-util-visit "^2.0.0"
  
  mdast-util-to-string@^2.0.0:
    version "2.0.0"
    resolved "https://registry.yarnpkg.com/mdast-util-to-string/-/mdast-util-to-string-2.0.0.tgz#b8cfe6a713e1091cb5b728fc48885a4767f8b97b"
    integrity sha512-AW4DRS3QbBayY/jJmD8437V1Gombjf8RSOUCMFBuo5iHi58AGEgVCKQ+ezHkZZDpAQS75hcBMpLqjpJTjtUL7w==
  
  mdurl@^1.0.0:
    version "1.0.1"
    resolved "https://registry.yarnpkg.com/mdurl/-/mdurl-1.0.1.tgz#fe85b2ec75a59037f2adfec100fd6c601761152e"
    integrity sha1-/oWy7HWlkDfyrf7BAP1sYBdhFS4=
  
  micromark@~2.11.0:
    version "2.11.4"
    resolved "https://registry.yarnpkg.com/micromark/-/micromark-2.11.4.tgz#d13436138eea826383e822449c9a5c50ee44665a"
    integrity sha512-+WoovN/ppKolQOFIAajxi7Lu9kInbPxFuTBVEavFcL8eAfVstoc5MocPmqBeAdBOJV00uaVjegzH4+MA0DN/uA==
    dependencies:
      debug "^4.0.0"
      parse-entities "^2.0.0"
  
  ms@2.1.2:
    version "2.1.2"
    resolved "https://registry.yarnpkg.com/ms/-/ms-2.1.2.tgz#d09d1f357b443f493382a8eb3ccd183872ae6009"
    integrity sha512-sGkPx+VjMtmA6MX27oA4FBFELFCZZ4S4XqeGOXCv68tT+jb3vk/RyaKWP0PTKyWtmLSM0b+adUTEvbs1PEaH2w==
  
  parse-entities@^2.0.0:
    version "2.0.0"
    resolved "https://registry.yarnpkg.com/parse-entities/-/parse-entities-2.0.0.tgz#53c6eb5b9314a1f4ec99fa0fdf7ce01ecda0cbe8"
    integrity sha512-kkywGpCcRYhqQIchaWqZ875wzpS/bMKhz5HnN3p7wveJTkTtyAB/AlnS0f8DFSqYW1T82t6yEAkEcB+A1I3MbQ==
    dependencies:
      character-entities "^1.0.0"
      character-entities-legacy "^1.0.0"
      character-reference-invalid "^1.0.0"
      is-alphanumerical "^1.0.0"
      is-decimal "^1.0.0"
      is-hexadecimal "^1.0.0"
  
  property-information@^5.3.0:
    version "5.6.0"
    resolved "https://registry.yarnpkg.com/property-information/-/property-information-5.6.0.tgz#61675545fb23002f245c6540ec46077d4da3ed69"
    integrity sha512-YUHSPk+A30YPv+0Qf8i9Mbfe/C0hdPXk1s1jPVToV8pk8BQtpw10ct89Eo7OWkutrwqvT0eicAxlOg3dOAu8JA==
    dependencies:
      xtend "^4.0.0"
  
  remark-parse@^9.0.0:
    version "9.0.0"
    resolved "https://registry.yarnpkg.com/remark-parse/-/remark-parse-9.0.0.tgz#4d20a299665880e4f4af5d90b7c7b8a935853640"
    integrity sha512-geKatMwSzEXKHuzBNU1z676sGcDcFoChMK38TgdHJNAYfFtsfHDQG7MoJAjs6sgYMqyLduCYWDIWZIxiPeafEw==
    dependencies:
      mdast-util-from-markdown "^0.8.0"
  
  remark-react@^8.0.0:
    version "8.0.0"
    resolved "https://registry.yarnpkg.com/remark-react/-/remark-react-8.0.0.tgz#dc861df69c95e1084059effae699dac68a57191e"
    integrity sha512-Dlafr0cejDMMMelH0MxkY3NYVelbMdqaoXuwIgWtWn5KGE0Jpko47NhkBzptxvzMqCdJxD6aoJTOFyJ1Re5Iyg==
    dependencies:
      "@mapbox/hast-util-table-cell-style" "^0.1.3"
      hast-to-hyperscript "^9.0.0"
      hast-util-sanitize "^3.0.0"
      mdast-util-to-hast "^10.0.0"
  
  space-separated-tokens@^1.0.0:
    version "1.1.5"
    resolved "https://registry.yarnpkg.com/space-separated-tokens/-/space-separated-tokens-1.1.5.tgz#85f32c3d10d9682007e917414ddc5c26d1aa6899"
    integrity sha512-q/JSVd1Lptzhf5bkYm4ob4iWPjx0KiRe3sRFBNrVqbJkFaBm5vbbowy1mymoPNLRa52+oadOhJ+K49wsSeSjTA==
  
  style-to-object@^0.3.0:
    version "0.3.0"
    resolved "https://registry.yarnpkg.com/style-to-object/-/style-to-object-0.3.0.tgz#b1b790d205991cc783801967214979ee19a76e46"
    integrity sha512-CzFnRRXhzWIdItT3OmF8SQfWyahHhjq3HwcMNCNLn+N7klOOqPjMeG/4JSu77D7ypZdGvSzvkrbyeTMizz2VrA==
    dependencies:
      inline-style-parser "0.1.1"
  
  trough@^1.0.0:
    version "1.0.5"
    resolved "https://registry.yarnpkg.com/trough/-/trough-1.0.5.tgz#b8b639cefad7d0bb2abd37d433ff8293efa5f406"
    integrity sha512-rvuRbTarPXmMb79SmzEp8aqXNKcK+y0XaB298IXueQ8I2PsrATcPBCSPyK/dDNa2iWOhKlfNnOjdAOTBU/nkFA==
  
  unified@^9.2.1:
    version "9.2.2"
    resolved "https://registry.yarnpkg.com/unified/-/unified-9.2.2.tgz#67649a1abfc3ab85d2969502902775eb03146975"
    integrity sha512-Sg7j110mtefBD+qunSLO1lqOEKdrwBFBrR6Qd8f4uwkhWNlbkaqwHse6e7QvD3AP/MNoJdEDLaf8OxYyoWgorQ==
    dependencies:
      bail "^1.0.0"
      extend "^3.0.0"
      is-buffer "^2.0.0"
      is-plain-obj "^2.0.0"
      trough "^1.0.0"
      vfile "^4.0.0"
  
  unist-builder@^2.0.0:
    version "2.0.3"
    resolved "https://registry.yarnpkg.com/unist-builder/-/unist-builder-2.0.3.tgz#77648711b5d86af0942f334397a33c5e91516436"
    integrity sha512-f98yt5pnlMWlzP539tPc4grGMsFaQQlP/vM396b00jngsiINumNmsY8rkXjfoi1c6QaM8nQ3vaGDuoKWbe/1Uw==
  
  unist-util-generated@^1.0.0:
    version "1.1.6"
    resolved "https://registry.yarnpkg.com/unist-util-generated/-/unist-util-generated-1.1.6.tgz#5ab51f689e2992a472beb1b35f2ce7ff2f324d4b"
    integrity sha512-cln2Mm1/CZzN5ttGK7vkoGw+RZ8VcUH6BtGbq98DDtRGquAAOXig1mrBQYelOwMXYS8rK+vZDyyojSjp7JX+Lg==
  
  unist-util-is@^3.0.0:
    version "3.0.0"
    resolved "https://registry.yarnpkg.com/unist-util-is/-/unist-util-is-3.0.0.tgz#d9e84381c2468e82629e4a5be9d7d05a2dd324cd"
    integrity sha512-sVZZX3+kspVNmLWBPAB6r+7D9ZgAFPNWm66f7YNb420RlQSbn+n8rG8dGZSkrER7ZIXGQYNm5pqC3v3HopH24A==
  
  unist-util-is@^4.0.0:
    version "4.1.0"
    resolved "https://registry.yarnpkg.com/unist-util-is/-/unist-util-is-4.1.0.tgz#976e5f462a7a5de73d94b706bac1b90671b57797"
    integrity sha512-ZOQSsnce92GrxSqlnEEseX0gi7GH9zTJZ0p9dtu87WRb/37mMPO2Ilx1s/t9vBHrFhbgweUwb+t7cIn5dxPhZg==
  
  unist-util-position@^3.0.0:
    version "3.1.0"
    resolved "https://registry.yarnpkg.com/unist-util-position/-/unist-util-position-3.1.0.tgz#1c42ee6301f8d52f47d14f62bbdb796571fa2d47"
    integrity sha512-w+PkwCbYSFw8vpgWD0v7zRCl1FpY3fjDSQ3/N/wNd9Ffa4gPi8+4keqt99N3XW6F99t/mUzp2xAhNmfKWp95QA==
  
  unist-util-stringify-position@^2.0.0:
    version "2.0.3"
    resolved "https://registry.yarnpkg.com/unist-util-stringify-position/-/unist-util-stringify-position-2.0.3.tgz#cce3bfa1cdf85ba7375d1d5b17bdc4cada9bd9da"
    integrity sha512-3faScn5I+hy9VleOq/qNbAd6pAx7iH5jYBMS9I1HgQVijz/4mv5Bvw5iw1sC/90CODiKo81G/ps8AJrISn687g==
    dependencies:
      "@types/unist" "^2.0.2"
  
  unist-util-visit-parents@^2.0.0:
    version "2.1.2"
    resolved "https://registry.yarnpkg.com/unist-util-visit-parents/-/unist-util-visit-parents-2.1.2.tgz#25e43e55312166f3348cae6743588781d112c1e9"
    integrity sha512-DyN5vD4NE3aSeB+PXYNKxzGsfocxp6asDc2XXE3b0ekO2BaRUpBicbbUygfSvYfUz1IkmjFR1YF7dPklraMZ2g==
    dependencies:
      unist-util-is "^3.0.0"
  
  unist-util-visit-parents@^3.0.0:
    version "3.1.1"
    resolved "https://registry.yarnpkg.com/unist-util-visit-parents/-/unist-util-visit-parents-3.1.1.tgz#65a6ce698f78a6b0f56aa0e88f13801886cdaef6"
    integrity sha512-1KROIZWo6bcMrZEwiH2UrXDyalAa0uqzWCxCJj6lPOvTve2WkfgCytoDTPaMnodXh1WrXOq0haVYHj99ynJlsg==
    dependencies:
      "@types/unist" "^2.0.0"
      unist-util-is "^4.0.0"
  
  unist-util-visit@^1.3.0:
    version "1.4.1"
    resolved "https://registry.yarnpkg.com/unist-util-visit/-/unist-util-visit-1.4.1.tgz#4724aaa8486e6ee6e26d7ff3c8685960d560b1e3"
    integrity sha512-AvGNk7Bb//EmJZyhtRUnNMEpId/AZ5Ph/KUpTI09WHQuDZHKovQ1oEv3mfmKpWKtoMzyMC4GLBm1Zy5k12fjIw==
    dependencies:
      unist-util-visit-parents "^2.0.0"
  
  unist-util-visit@^2.0.0:
    version "2.0.3"
    resolved "https://registry.yarnpkg.com/unist-util-visit/-/unist-util-visit-2.0.3.tgz#c3703893146df47203bb8a9795af47d7b971208c"
    integrity sha512-iJ4/RczbJMkD0712mGktuGpm/U4By4FfDonL7N/9tATGIF4imikjOuagyMY53tnZq3NP6BcmlrHhEKAfGWjh7Q==
    dependencies:
      "@types/unist" "^2.0.0"
      unist-util-is "^4.0.0"
      unist-util-visit-parents "^3.0.0"
  
  vfile-message@^2.0.0:
    version "2.0.4"
    resolved "https://registry.yarnpkg.com/vfile-message/-/vfile-message-2.0.4.tgz#5b43b88171d409eae58477d13f23dd41d52c371a"
    integrity sha512-DjssxRGkMvifUOJre00juHoP9DPWuzjxKuMDrhNbk2TdaYYBNMStsNhEOt3idrtI12VQYM/1+iM0KOzXi4pxwQ==
    dependencies:
      "@types/unist" "^2.0.0"
      unist-util-stringify-position "^2.0.0"
  
  vfile@^4.0.0:
    version "4.2.1"
    resolved "https://registry.yarnpkg.com/vfile/-/vfile-4.2.1.tgz#03f1dce28fc625c625bc6514350fbdb00fa9e624"
    integrity sha512-O6AE4OskCG5S1emQ/4gl8zK586RqA3srz3nfK/Viy0UPToBc5Trp9BVFb1u0CjsKrAWwnpr4ifM/KBXPWwJbCA==
    dependencies:
      "@types/unist" "^2.0.0"
      is-buffer "^2.0.0"
      unist-util-stringify-position "^2.0.0"
      vfile-message "^2.0.0"
  
  web-namespaces@^1.0.0:
    version "1.1.4"
    resolved "https://registry.yarnpkg.com/web-namespaces/-/web-namespaces-1.1.4.tgz#bc98a3de60dadd7faefc403d1076d529f5e030ec"
    integrity sha512-wYxSGajtmoP4WxfejAPIr4l0fVh+jeMXZb08wNc0tMg6xsfZXj3cECqIK0G7ZAqUq0PP8WlMDtaOGVBTAWztNw==
  
  xtend@^4.0.0:
    version "4.0.2"
    resolved "https://registry.yarnpkg.com/xtend/-/xtend-4.0.2.tgz#bb72779f5fa465186b1f438f674fa347fdb5db54"
    integrity sha512-LKYU1iAXJXUgAXn9URjiu+MWhyUXHsvfp7mcuYm9dSUKK0/CjtrUwFAxD82/mCWbtLsGjFIad0wIsod4zrTAEQ==
